<?xml version="1.0" encoding="UTF-8"?>
<testsuites name="TestSuite1" time="9" tests="1" failures="1" errors="0">
   <testsuite name="TestSuite1" tests="1" failures="1" errors="0" time="9" timestamp="2019-02-18 15:14:51" hostname="codez - CODE-ZERO" id="Test Suites/TestSuite1">
      <properties>
         <property name="deviceName" value=""/>
         <property name="devicePlatform" value=""/>
         <property name="logFolder" value="D:\\Development\\Katalon\\Katalon_Workspace\\My First APIs Project\\Reports\\TestSuite1\\20190218_151440"/>
         <property name="logFiles" value="D:\\Development\\Katalon\\Katalon_Workspace\\My First APIs Project\\Reports\\TestSuite1\\20190218_151440\\execution0.log"/>
         <property name="attachments" value=""/>
         <property name="hostName" value="codez - CODE-ZERO"/>
         <property name="hostAddress" value="192.168.56.1"/>
         <property name="os" value="Windows 10 64bit"/>
         <property name="katalonVersion" value="5.10.1.1"/>
      </properties>
      <testcase name="Test Cases/ListUsersTest" classname="Test Cases/ListUsersTest" status="FAILED">
         <failure type="FAILED" message="Test Cases/ListUsersTest FAILED.
Reason:
com.kms.katalon.core.exception.StepFailedException: Expected elements count 2 is not equal with actual count 3
	at com.kms.katalon.core.keyword.internal.KeywordMain.stepFailed(KeywordMain.groovy:32)
	at com.kms.katalon.core.webservice.keyword.builtin.VerifyElementsCountKeyword$_verifyElementsCount_closure1.doCall(VerifyElementsCountKeyword.groovy:53)
	at com.kms.katalon.core.webservice.keyword.builtin.VerifyElementsCountKeyword$_verifyElementsCount_closure1.call(VerifyElementsCountKeyword.groovy)
	at com.kms.katalon.core.keyword.internal.KeywordMain.runKeyword(KeywordMain.groovy:54)
	at com.kms.katalon.core.webservice.keyword.builtin.VerifyElementsCountKeyword.verifyElementsCount(VerifyElementsCountKeyword.groovy:45)
	at com.kms.katalon.core.webservice.keyword.builtin.VerifyElementsCountKeyword.execute(VerifyElementsCountKeyword.groovy:40)
	at com.kms.katalon.core.keyword.internal.KeywordExecutor.executeKeywordForPlatform(KeywordExecutor.groovy:53)
	at com.kms.katalon.core.webservice.keyword.WSBuiltInKeywords.verifyElementsCount(WSBuiltInKeywords.groovy:80)
	at com.kms.katalon.core.webservice.keyword.WSBuiltInKeywords$verifyElementsCount$3.call(Unknown Source)
	at ListUsersTest.run(ListUsersTest:24)
	at com.kms.katalon.core.main.ScriptEngine.run(ScriptEngine.java:194)
	at com.kms.katalon.core.main.ScriptEngine.runScriptAsRawText(ScriptEngine.java:119)
	at com.kms.katalon.core.main.TestCaseExecutor.runScript(TestCaseExecutor.java:328)
	at com.kms.katalon.core.main.TestCaseExecutor.doExecute(TestCaseExecutor.java:319)
	at com.kms.katalon.core.main.TestCaseExecutor.processExecutionPhase(TestCaseExecutor.java:298)
	at com.kms.katalon.core.main.TestCaseExecutor.accessMainPhase(TestCaseExecutor.java:290)
	at com.kms.katalon.core.main.TestCaseExecutor.execute(TestCaseExecutor.java:224)
	at com.kms.katalon.core.main.TestSuiteExecutor.accessTestCaseMainPhase(TestSuiteExecutor.java:129)
	at com.kms.katalon.core.main.TestSuiteExecutor.accessTestSuiteMainPhase(TestSuiteExecutor.java:112)
	at com.kms.katalon.core.main.TestSuiteExecutor.execute(TestSuiteExecutor.java:81)
	at com.kms.katalon.core.main.TestCaseMain.startTestSuite(TestCaseMain.java:149)
	at com.kms.katalon.core.main.TestCaseMain$startTestSuite$0.call(Unknown Source)
	at TempTestSuite1550470485371.run(TempTestSuite1550470485371.groovy:36)
"/>
         <system-out><![CDATA[2019-02-18 15:14:51 - [TEST_CASE][FAILED] - Test Cases/ListUsersTest: Test Cases/ListUsersTest FAILED.
Reason:
com.kms.katalon.core.exception.StepFailedException: Expected elements count 2 is not equal with actual count 3
	at com.kms.katalon.core.keyword.internal.KeywordMain.stepFailed(KeywordMain.groovy:32)
	at com.kms.katalon.core.webservice.keyword.builtin.VerifyElementsCountKeyword$_verifyElementsCount_closure1.doCall(VerifyElementsCountKeyword.groovy:53)
	at com.kms.katalon.core.webservice.keyword.builtin.VerifyElementsCountKeyword$_verifyElementsCount_closure1.call(VerifyElementsCountKeyword.groovy)
	at com.kms.katalon.core.keyword.internal.KeywordMain.runKeyword(KeywordMain.groovy:54)
	at com.kms.katalon.core.webservice.keyword.builtin.VerifyElementsCountKeyword.verifyElementsCount(VerifyElementsCountKeyword.groovy:45)
	at com.kms.katalon.core.webservice.keyword.builtin.VerifyElementsCountKeyword.execute(VerifyElementsCountKeyword.groovy:40)
	at com.kms.katalon.core.keyword.internal.KeywordExecutor.executeKeywordForPlatform(KeywordExecutor.groovy:53)
	at com.kms.katalon.core.webservice.keyword.WSBuiltInKeywords.verifyElementsCount(WSBuiltInKeywords.groovy:80)
	at com.kms.katalon.core.webservice.keyword.WSBuiltInKeywords$verifyElementsCount$3.call(Unknown Source)
	at ListUsersTest.run(ListUsersTest:24)
	at com.kms.katalon.core.main.ScriptEngine.run(ScriptEngine.java:194)
	at com.kms.katalon.core.main.ScriptEngine.runScriptAsRawText(ScriptEngine.java:119)
	at com.kms.katalon.core.main.TestCaseExecutor.runScript(TestCaseExecutor.java:328)
	at com.kms.katalon.core.main.TestCaseExecutor.doExecute(TestCaseExecutor.java:319)
	at com.kms.katalon.core.main.TestCaseExecutor.processExecutionPhase(TestCaseExecutor.java:298)
	at com.kms.katalon.core.main.TestCaseExecutor.accessMainPhase(TestCaseExecutor.java:290)
	at com.kms.katalon.core.main.TestCaseExecutor.execute(TestCaseExecutor.java:224)
	at com.kms.katalon.core.main.TestSuiteExecutor.accessTestCaseMainPhase(TestSuiteExecutor.java:129)
	at com.kms.katalon.core.main.TestSuiteExecutor.accessTestSuiteMainPhase(TestSuiteExecutor.java:112)
	at com.kms.katalon.core.main.TestSuiteExecutor.execute(TestSuiteExecutor.java:81)
	at com.kms.katalon.core.main.TestCaseMain.startTestSuite(TestCaseMain.java:149)
	at com.kms.katalon.core.main.TestCaseMain$startTestSuite$0.call(Unknown Source)
	at TempTestSuite1550470485371.run(TempTestSuite1550470485371.groovy:36)


2019-02-18 15:14:52 - [TEST_STEP][PASSED] - sendRequest(findTestObject("UserRestService/ListUsers")): Send request successfully

2019-02-18 15:14:56 - [MESSAGE][INFO] - HAR: D:\Development\Katalon\Katalon_Workspace\My First APIs Project\Reports\TestSuite1\20190218_151440\requests\main\0.har

2019-02-18 15:14:57 - [MESSAGE][PASSED] - Send request successfully

2019-02-18 15:14:57 - [TEST_STEP][PASSED] - response = sendRequestAndVerify(findTestObject("UserRestService/ListUsers")): Send request and verify the response successfully

2019-02-18 15:14:57 - [TEST_CASE][PASSED] - Start Test Case : Verification: Verification accomplished successfully

2019-02-18 15:14:57 - [TEST_STEP][PASSED] - request = getInstance().getCurrentRequest(): null

2019-02-18 15:14:57 - [TEST_STEP][PASSED] - response = getInstance().getCurrentResponse(): null

2019-02-18 15:14:57 - [TEST_STEP][PASSED] - verifyResponseStatusCode(response, 200): Verify response status code successfully

2019-02-18 15:14:57 - [MESSAGE][PASSED] - Verify response status code successfully

2019-02-18 15:14:57 - [TEST_STEP][PASSED] - getStatusCode()).isEqualTo(200): null

2019-02-18 15:14:57 - [TEST_STEP][PASSED] - verifyElementPropertyValue(response, "data[1].first_name", "Charles"): Verify element property value successfully

2019-02-18 15:14:58 - [MESSAGE][PASSED] - Verify element property value successfully

2019-02-18 15:14:58 - [MESSAGE][PASSED] - Verify response successfully

2019-02-18 15:14:58 - [MESSAGE][PASSED] - Send request and verify the response successfully

2019-02-18 15:14:58 - [TEST_STEP][PASSED] - verifyElementPropertyValue(response, "data[1].first_name", "Charles"): Verify element property value successfully

2019-02-18 15:14:58 - [MESSAGE][PASSED] - Verify element property value successfully

2019-02-18 15:14:58 - [TEST_STEP][PASSED] - verifyElementPropertyValue(response, "data[2].id", "6"): Verify element property value successfully

2019-02-18 15:14:58 - [MESSAGE][PASSED] - Verify element property value successfully

2019-02-18 15:14:58 - [TEST_STEP][FAILED] - verifyElementsCount(response, "data", 2, CONTINUE_ON_FAILURE): Expected elements count 2 is not equal with actual count 3

2019-02-18 15:14:58 - [MESSAGE][FAILED] - Expected elements count 2 is not equal with actual count 3

2019-02-18 15:14:58 - [TEST_STEP][FAILED] - verifyResponseStatusCodeInRange(response, 100, 200): verifyResponseStatusCodeInRange(response, 100, 200) FAILED.
Reason:
com.kms.katalon.core.exception.StepFailedException: Expected elements count 2 is not equal with actual count 3
	at com.kms.katalon.core.keyword.internal.KeywordMain.stepFailed(KeywordMain.groovy:32)
	at com.kms.katalon.core.webservice.keyword.builtin.VerifyElementsCountKeyword$_verifyElementsCount_closure1.doCall(VerifyElementsCountKeyword.groovy:53)
	at com.kms.katalon.core.webservice.keyword.builtin.VerifyElementsCountKeyword$_verifyElementsCount_closure1.call(VerifyElementsCountKeyword.groovy)
	at com.kms.katalon.core.keyword.internal.KeywordMain.runKeyword(KeywordMain.groovy:54)
	at com.kms.katalon.core.webservice.keyword.builtin.VerifyElementsCountKeyword.verifyElementsCount(VerifyElementsCountKeyword.groovy:45)
	at com.kms.katalon.core.webservice.keyword.builtin.VerifyElementsCountKeyword.execute(VerifyElementsCountKeyword.groovy:40)
	at com.kms.katalon.core.keyword.internal.KeywordExecutor.executeKeywordForPlatform(KeywordExecutor.groovy:53)
	at com.kms.katalon.core.webservice.keyword.WSBuiltInKeywords.verifyElementsCount(WSBuiltInKeywords.groovy:80)
	at com.kms.katalon.core.webservice.keyword.WSBuiltInKeywords$verifyElementsCount$3.call(Unknown Source)
	at ListUsersTest.run(ListUsersTest:24)
	at com.kms.katalon.core.main.ScriptEngine.run(ScriptEngine.java:194)
	at com.kms.katalon.core.main.ScriptEngine.runScriptAsRawText(ScriptEngine.java:119)
	at com.kms.katalon.core.main.TestCaseExecutor.runScript(TestCaseExecutor.java:328)
	at com.kms.katalon.core.main.TestCaseExecutor.doExecute(TestCaseExecutor.java:319)
	at com.kms.katalon.core.main.TestCaseExecutor.processExecutionPhase(TestCaseExecutor.java:298)
	at com.kms.katalon.core.main.TestCaseExecutor.accessMainPhase(TestCaseExecutor.java:290)
	at com.kms.katalon.core.main.TestCaseExecutor.execute(TestCaseExecutor.java:224)
	at com.kms.katalon.core.main.TestSuiteExecutor.accessTestCaseMainPhase(TestSuiteExecutor.java:129)
	at com.kms.katalon.core.main.TestSuiteExecutor.accessTestSuiteMainPhase(TestSuiteExecutor.java:112)
	at com.kms.katalon.core.main.TestSuiteExecutor.execute(TestSuiteExecutor.java:81)
	at com.kms.katalon.core.main.TestCaseMain.startTestSuite(TestCaseMain.java:149)
	at com.kms.katalon.core.main.TestCaseMain$startTestSuite$0.call(Unknown Source)
	at TempTestSuite1550470485371.run(TempTestSuite1550470485371.groovy:36)


2019-02-18 15:14:58 - [MESSAGE][PASSED] - Verify response status code successfully

2019-02-18 15:14:58 - [MESSAGE][FAILED] - verifyResponseStatusCodeInRange(response, 100, 200) FAILED.
Reason:
com.kms.katalon.core.exception.StepFailedException: Expected elements count 2 is not equal with actual count 3
	at com.kms.katalon.core.keyword.internal.KeywordMain.stepFailed(KeywordMain.groovy:32)
	at com.kms.katalon.core.webservice.keyword.builtin.VerifyElementsCountKeyword$_verifyElementsCount_closure1.doCall(VerifyElementsCountKeyword.groovy:53)
	at com.kms.katalon.core.webservice.keyword.builtin.VerifyElementsCountKeyword$_verifyElementsCount_closure1.call(VerifyElementsCountKeyword.groovy)
	at com.kms.katalon.core.keyword.internal.KeywordMain.runKeyword(KeywordMain.groovy:54)
	at com.kms.katalon.core.webservice.keyword.builtin.VerifyElementsCountKeyword.verifyElementsCount(VerifyElementsCountKeyword.groovy:45)
	at com.kms.katalon.core.webservice.keyword.builtin.VerifyElementsCountKeyword.execute(VerifyElementsCountKeyword.groovy:40)
	at com.kms.katalon.core.keyword.internal.KeywordExecutor.executeKeywordForPlatform(KeywordExecutor.groovy:53)
	at com.kms.katalon.core.webservice.keyword.WSBuiltInKeywords.verifyElementsCount(WSBuiltInKeywords.groovy:80)
	at com.kms.katalon.core.webservice.keyword.WSBuiltInKeywords$verifyElementsCount$3.call(Unknown Source)
	at ListUsersTest.run(ListUsersTest:24)
	at com.kms.katalon.core.main.ScriptEngine.run(ScriptEngine.java:194)
	at com.kms.katalon.core.main.ScriptEngine.runScriptAsRawText(ScriptEngine.java:119)
	at com.kms.katalon.core.main.TestCaseExecutor.runScript(TestCaseExecutor.java:328)
	at com.kms.katalon.core.main.TestCaseExecutor.doExecute(TestCaseExecutor.java:319)
	at com.kms.katalon.core.main.TestCaseExecutor.processExecutionPhase(TestCaseExecutor.java:298)
	at com.kms.katalon.core.main.TestCaseExecutor.accessMainPhase(TestCaseExecutor.java:290)
	at com.kms.katalon.core.main.TestCaseExecutor.execute(TestCaseExecutor.java:224)
	at com.kms.katalon.core.main.TestSuiteExecutor.accessTestCaseMainPhase(TestSuiteExecutor.java:129)
	at com.kms.katalon.core.main.TestSuiteExecutor.accessTestSuiteMainPhase(TestSuiteExecutor.java:112)
	at com.kms.katalon.core.main.TestSuiteExecutor.execute(TestSuiteExecutor.java:81)
	at com.kms.katalon.core.main.TestCaseMain.startTestSuite(TestCaseMain.java:149)
	at com.kms.katalon.core.main.TestCaseMain$startTestSuite$0.call(Unknown Source)
	at TempTestSuite1550470485371.run(TempTestSuite1550470485371.groovy:36)]]></system-out>
         <system-err><![CDATA[2019-02-18 15:14:51 - [TEST_CASE][FAILED] - Test Cases/ListUsersTest: Test Cases/ListUsersTest FAILED.
Reason:
com.kms.katalon.core.exception.StepFailedException: Expected elements count 2 is not equal with actual count 3
	at com.kms.katalon.core.keyword.internal.KeywordMain.stepFailed(KeywordMain.groovy:32)
	at com.kms.katalon.core.webservice.keyword.builtin.VerifyElementsCountKeyword$_verifyElementsCount_closure1.doCall(VerifyElementsCountKeyword.groovy:53)
	at com.kms.katalon.core.webservice.keyword.builtin.VerifyElementsCountKeyword$_verifyElementsCount_closure1.call(VerifyElementsCountKeyword.groovy)
	at com.kms.katalon.core.keyword.internal.KeywordMain.runKeyword(KeywordMain.groovy:54)
	at com.kms.katalon.core.webservice.keyword.builtin.VerifyElementsCountKeyword.verifyElementsCount(VerifyElementsCountKeyword.groovy:45)
	at com.kms.katalon.core.webservice.keyword.builtin.VerifyElementsCountKeyword.execute(VerifyElementsCountKeyword.groovy:40)
	at com.kms.katalon.core.keyword.internal.KeywordExecutor.executeKeywordForPlatform(KeywordExecutor.groovy:53)
	at com.kms.katalon.core.webservice.keyword.WSBuiltInKeywords.verifyElementsCount(WSBuiltInKeywords.groovy:80)
	at com.kms.katalon.core.webservice.keyword.WSBuiltInKeywords$verifyElementsCount$3.call(Unknown Source)
	at ListUsersTest.run(ListUsersTest:24)
	at com.kms.katalon.core.main.ScriptEngine.run(ScriptEngine.java:194)
	at com.kms.katalon.core.main.ScriptEngine.runScriptAsRawText(ScriptEngine.java:119)
	at com.kms.katalon.core.main.TestCaseExecutor.runScript(TestCaseExecutor.java:328)
	at com.kms.katalon.core.main.TestCaseExecutor.doExecute(TestCaseExecutor.java:319)
	at com.kms.katalon.core.main.TestCaseExecutor.processExecutionPhase(TestCaseExecutor.java:298)
	at com.kms.katalon.core.main.TestCaseExecutor.accessMainPhase(TestCaseExecutor.java:290)
	at com.kms.katalon.core.main.TestCaseExecutor.execute(TestCaseExecutor.java:224)
	at com.kms.katalon.core.main.TestSuiteExecutor.accessTestCaseMainPhase(TestSuiteExecutor.java:129)
	at com.kms.katalon.core.main.TestSuiteExecutor.accessTestSuiteMainPhase(TestSuiteExecutor.java:112)
	at com.kms.katalon.core.main.TestSuiteExecutor.execute(TestSuiteExecutor.java:81)
	at com.kms.katalon.core.main.TestCaseMain.startTestSuite(TestCaseMain.java:149)
	at com.kms.katalon.core.main.TestCaseMain$startTestSuite$0.call(Unknown Source)
	at TempTestSuite1550470485371.run(TempTestSuite1550470485371.groovy:36)]]></system-err>
      </testcase>
      <testcase name="Test Cases/TestHTTPMethods" classname="Test Cases/TestHTTPMethods" status="PASSED">
         <system-out><![CDATA[2019-02-18 15:14:58 - [TEST_CASE][PASSED] - Test Cases/TestHTTPMethods: Test Cases/TestHTTPMethods

2019-02-18 15:14:58 - [TEST_STEP][PASSED] - sendRequestAndVerify(findTestObject("UserRestService/ListUsers")): Send request and verify the response successfully

2019-02-18 15:14:59 - [TEST_CASE][PASSED] - Start Test Case : Verification: Verification accomplished successfully

2019-02-18 15:14:59 - [TEST_STEP][PASSED] - request = getInstance().getCurrentRequest(): null

2019-02-18 15:14:59 - [TEST_STEP][PASSED] - response = getInstance().getCurrentResponse(): null

2019-02-18 15:14:59 - [TEST_STEP][PASSED] - verifyResponseStatusCode(response, 200): Verify response status code successfully

2019-02-18 15:14:59 - [MESSAGE][PASSED] - Verify response status code successfully

2019-02-18 15:14:59 - [TEST_STEP][PASSED] - getStatusCode()).isEqualTo(200): null

2019-02-18 15:14:59 - [TEST_STEP][PASSED] - verifyElementPropertyValue(response, "data[1].first_name", "Charles"): Verify element property value successfully

2019-02-18 15:14:59 - [MESSAGE][PASSED] - Verify element property value successfully

2019-02-18 15:14:59 - [MESSAGE][PASSED] - Verify response successfully

2019-02-18 15:14:59 - [MESSAGE][PASSED] - Send request and verify the response successfully

2019-02-18 15:14:59 - [TEST_STEP][PASSED] - sendRequestAndVerify(findTestObject("UserRestService/Delete User")): Send request and verify the response successfully

2019-02-18 15:15:00 - [TEST_CASE][PASSED] - Start Test Case : Verification: Verification accomplished successfully

2019-02-18 15:15:00 - [TEST_STEP][PASSED] - request = getInstance().getCurrentRequest(): null

2019-02-18 15:15:00 - [TEST_STEP][PASSED] - response = getInstance().getCurrentResponse(): null

2019-02-18 15:15:00 - [TEST_STEP][PASSED] - verifyResponseStatusCode(response, 204): Verify response status code successfully

2019-02-18 15:15:00 - [MESSAGE][PASSED] - Verify response status code successfully

2019-02-18 15:15:00 - [TEST_STEP][PASSED] - getStatusCode()).isEqualTo(204): null

2019-02-18 15:15:00 - [MESSAGE][PASSED] - Verify response successfully

2019-02-18 15:15:00 - [MESSAGE][PASSED] - Send request and verify the response successfully

2019-02-18 15:15:00 - [TEST_STEP][PASSED] - sendRequestAndVerify(findTestObject("UserRestService/Update User")): Send request and verify the response successfully

2019-02-18 15:15:00 - [TEST_CASE][PASSED] - Start Test Case : Verification: Verification accomplished successfully

2019-02-18 15:15:00 - [TEST_STEP][PASSED] - request = getInstance().getCurrentRequest(): null

2019-02-18 15:15:00 - [TEST_STEP][PASSED] - response = getInstance().getCurrentResponse(): null

2019-02-18 15:15:00 - [TEST_STEP][PASSED] - verifyResponseStatusCode(response, 200): Verify response status code successfully

2019-02-18 15:15:00 - [MESSAGE][PASSED] - Verify response status code successfully

2019-02-18 15:15:00 - [TEST_STEP][PASSED] - getStatusCode()).isEqualTo(200): null

2019-02-18 15:15:00 - [MESSAGE][PASSED] - Verify response successfully

2019-02-18 15:15:00 - [MESSAGE][PASSED] - Send request and verify the response successfully

2019-02-18 15:15:00 - [TEST_STEP][PASSED] - sendRequestAndVerify(findTestObject("UserRestService/Create User")): Send request and verify the response successfully

2019-02-18 15:15:01 - [TEST_CASE][PASSED] - Start Test Case : Verification: Verification accomplished successfully

2019-02-18 15:15:01 - [TEST_STEP][PASSED] - request = getInstance().getCurrentRequest(): null

2019-02-18 15:15:01 - [TEST_STEP][PASSED] - response = getInstance().getCurrentResponse(): null

2019-02-18 15:15:01 - [TEST_STEP][PASSED] - verifyResponseStatusCode(response, 201): Verify response status code successfully

2019-02-18 15:15:01 - [MESSAGE][PASSED] - Verify response status code successfully

2019-02-18 15:15:01 - [TEST_STEP][PASSED] - getStatusCode()).isEqualTo(201): null

2019-02-18 15:15:01 - [MESSAGE][PASSED] - Verify response successfully

2019-02-18 15:15:01 - [MESSAGE][PASSED] - Send request and verify the response successfully]]></system-out>
         <system-err><![CDATA[]]></system-err>
      </testcase>
      <system-out><![CDATA[2019-02-18 15:14:51 - [TEST_SUITE][FAILED] - TestSuite1: Test Cases/ListUsersTest FAILED.
Reason:
com.kms.katalon.core.exception.StepFailedException: Expected elements count 2 is not equal with actual count 3
	at com.kms.katalon.core.keyword.internal.KeywordMain.stepFailed(KeywordMain.groovy:32)
	at com.kms.katalon.core.webservice.keyword.builtin.VerifyElementsCountKeyword$_verifyElementsCount_closure1.doCall(VerifyElementsCountKeyword.groovy:53)
	at com.kms.katalon.core.webservice.keyword.builtin.VerifyElementsCountKeyword$_verifyElementsCount_closure1.call(VerifyElementsCountKeyword.groovy)
	at com.kms.katalon.core.keyword.internal.KeywordMain.runKeyword(KeywordMain.groovy:54)
	at com.kms.katalon.core.webservice.keyword.builtin.VerifyElementsCountKeyword.verifyElementsCount(VerifyElementsCountKeyword.groovy:45)
	at com.kms.katalon.core.webservice.keyword.builtin.VerifyElementsCountKeyword.execute(VerifyElementsCountKeyword.groovy:40)
	at com.kms.katalon.core.keyword.internal.KeywordExecutor.executeKeywordForPlatform(KeywordExecutor.groovy:53)
	at com.kms.katalon.core.webservice.keyword.WSBuiltInKeywords.verifyElementsCount(WSBuiltInKeywords.groovy:80)
	at com.kms.katalon.core.webservice.keyword.WSBuiltInKeywords$verifyElementsCount$3.call(Unknown Source)
	at ListUsersTest.run(ListUsersTest:24)
	at com.kms.katalon.core.main.ScriptEngine.run(ScriptEngine.java:194)
	at com.kms.katalon.core.main.ScriptEngine.runScriptAsRawText(ScriptEngine.java:119)
	at com.kms.katalon.core.main.TestCaseExecutor.runScript(TestCaseExecutor.java:328)
	at com.kms.katalon.core.main.TestCaseExecutor.doExecute(TestCaseExecutor.java:319)
	at com.kms.katalon.core.main.TestCaseExecutor.processExecutionPhase(TestCaseExecutor.java:298)
	at com.kms.katalon.core.main.TestCaseExecutor.accessMainPhase(TestCaseExecutor.java:290)
	at com.kms.katalon.core.main.TestCaseExecutor.execute(TestCaseExecutor.java:224)
	at com.kms.katalon.core.main.TestSuiteExecutor.accessTestCaseMainPhase(TestSuiteExecutor.java:129)
	at com.kms.katalon.core.main.TestSuiteExecutor.accessTestSuiteMainPhase(TestSuiteExecutor.java:112)
	at com.kms.katalon.core.main.TestSuiteExecutor.execute(TestSuiteExecutor.java:81)
	at com.kms.katalon.core.main.TestCaseMain.startTestSuite(TestCaseMain.java:149)
	at com.kms.katalon.core.main.TestCaseMain$startTestSuite$0.call(Unknown Source)
	at TempTestSuite1550470485371.run(TempTestSuite1550470485371.groovy:36)]]></system-out>
      <system-err><![CDATA[2019-02-18 15:14:51 - [TEST_SUITE][FAILED] - TestSuite1: Test Cases/ListUsersTest FAILED.
Reason:
com.kms.katalon.core.exception.StepFailedException: Expected elements count 2 is not equal with actual count 3
	at com.kms.katalon.core.keyword.internal.KeywordMain.stepFailed(KeywordMain.groovy:32)
	at com.kms.katalon.core.webservice.keyword.builtin.VerifyElementsCountKeyword$_verifyElementsCount_closure1.doCall(VerifyElementsCountKeyword.groovy:53)
	at com.kms.katalon.core.webservice.keyword.builtin.VerifyElementsCountKeyword$_verifyElementsCount_closure1.call(VerifyElementsCountKeyword.groovy)
	at com.kms.katalon.core.keyword.internal.KeywordMain.runKeyword(KeywordMain.groovy:54)
	at com.kms.katalon.core.webservice.keyword.builtin.VerifyElementsCountKeyword.verifyElementsCount(VerifyElementsCountKeyword.groovy:45)
	at com.kms.katalon.core.webservice.keyword.builtin.VerifyElementsCountKeyword.execute(VerifyElementsCountKeyword.groovy:40)
	at com.kms.katalon.core.keyword.internal.KeywordExecutor.executeKeywordForPlatform(KeywordExecutor.groovy:53)
	at com.kms.katalon.core.webservice.keyword.WSBuiltInKeywords.verifyElementsCount(WSBuiltInKeywords.groovy:80)
	at com.kms.katalon.core.webservice.keyword.WSBuiltInKeywords$verifyElementsCount$3.call(Unknown Source)
	at ListUsersTest.run(ListUsersTest:24)
	at com.kms.katalon.core.main.ScriptEngine.run(ScriptEngine.java:194)
	at com.kms.katalon.core.main.ScriptEngine.runScriptAsRawText(ScriptEngine.java:119)
	at com.kms.katalon.core.main.TestCaseExecutor.runScript(TestCaseExecutor.java:328)
	at com.kms.katalon.core.main.TestCaseExecutor.doExecute(TestCaseExecutor.java:319)
	at com.kms.katalon.core.main.TestCaseExecutor.processExecutionPhase(TestCaseExecutor.java:298)
	at com.kms.katalon.core.main.TestCaseExecutor.accessMainPhase(TestCaseExecutor.java:290)
	at com.kms.katalon.core.main.TestCaseExecutor.execute(TestCaseExecutor.java:224)
	at com.kms.katalon.core.main.TestSuiteExecutor.accessTestCaseMainPhase(TestSuiteExecutor.java:129)
	at com.kms.katalon.core.main.TestSuiteExecutor.accessTestSuiteMainPhase(TestSuiteExecutor.java:112)
	at com.kms.katalon.core.main.TestSuiteExecutor.execute(TestSuiteExecutor.java:81)
	at com.kms.katalon.core.main.TestCaseMain.startTestSuite(TestCaseMain.java:149)
	at com.kms.katalon.core.main.TestCaseMain$startTestSuite$0.call(Unknown Source)
	at TempTestSuite1550470485371.run(TempTestSuite1550470485371.groovy:36)]]></system-err>
   </testsuite>
</testsuites>
